<?xml version="1.0" encoding="UTF-8"?>
<!-- Generated by org.testng.reporters.JUnitReportReporter -->
<testsuite hostname="DESKTOP-P7R3D54" name="com.bankguru.testcase.NewCustomerScript" tests="12" failures="0" timestamp="7 Apr 2019 06:21:08 GMT" time="16.494" errors="0">
  <testcase name="TC_10" time="1.393" classname="com.bankguru.testcase.NewCustomerScript"/>
  <testcase name="TC_29" time="1.002" classname="com.bankguru.testcase.NewCustomerScript"/>
  <testcase name="TC_01" time="1.054" classname="com.bankguru.testcase.NewCustomerScript"/>
  <testcase name="TC_09" time="1.548" classname="com.bankguru.testcase.NewCustomerScript"/>
  <testcase name="TC_06" time="1.085" classname="com.bankguru.testcase.NewCustomerScript"/>
  <testcase name="TC_08" time="1.029" classname="com.bankguru.testcase.NewCustomerScript"/>
  <testcase name="TC_12" time="1.097" classname="com.bankguru.testcase.NewCustomerScript"/>
  <testcase name="TC_05" time="1.046" classname="com.bankguru.testcase.NewCustomerScript"/>
  <testcase name="TC_04" time="1.030" classname="com.bankguru.testcase.NewCustomerScript"/>
  <testcase name="TC_30" time="4.159" classname="com.bankguru.testcase.NewCustomerScript"/>
  <testcase name="TC_03" time="1.020" classname="com.bankguru.testcase.NewCustomerScript"/>
  <testcase name="TC_11" time="1.031" classname="com.bankguru.testcase.NewCustomerScript"/>
</testsuite> <!-- com.bankguru.testcase.NewCustomerScript -->
