<?xml version="1.0" encoding="UTF-8"?>
<!-- Generated by org.testng.reporters.JUnitReportReporter -->
<testsuite hostname="DESKTOP-P7R3D54" name="com.bankguru.testcase.RegisterScript" tests="1" failures="0" timestamp="7 Apr 2019 06:21:08 GMT" time="4.089" errors="0">
  <testcase name="TC_01" time="4.089" classname="com.bankguru.testcase.RegisterScript"/>
</testsuite> <!-- com.bankguru.testcase.RegisterScript -->
