<?xml version="1.0" encoding="UTF-8"?>
<!-- Generated by org.testng.reporters.JUnitReportReporter -->
<testsuite hostname="DESKTOP-P7R3D54" name="com.bankguru.testcase.EditCustomerScript" tests="14" failures="0" timestamp="7 Apr 2019 06:21:08 GMT" time="34.889" errors="0">
  <testcase name="TC_14" time="2.773" classname="com.bankguru.testcase.EditCustomerScript"/>
  <testcase name="TC_08" time="2.456" classname="com.bankguru.testcase.EditCustomerScript"/>
  <testcase name="TC_01" time="1.466" classname="com.bankguru.testcase.EditCustomerScript"/>
  <testcase name="TC_02" time="1.393" classname="com.bankguru.testcase.EditCustomerScript"/>
  <testcase name="TC_03" time="1.443" classname="com.bankguru.testcase.EditCustomerScript"/>
  <testcase name="TC_16" time="3.390" classname="com.bankguru.testcase.EditCustomerScript"/>
  <testcase name="TC_11" time="3.604" classname="com.bankguru.testcase.EditCustomerScript"/>
  <testcase name="TC_18" time="3.223" classname="com.bankguru.testcase.EditCustomerScript"/>
  <testcase name="TC_05" time="2.513" classname="com.bankguru.testcase.EditCustomerScript"/>
  <testcase name="TC_10" time="3.234" classname="com.bankguru.testcase.EditCustomerScript"/>
  <testcase name="TC_12" time="2.754" classname="com.bankguru.testcase.EditCustomerScript"/>
  <testcase name="TC_09" time="2.569" classname="com.bankguru.testcase.EditCustomerScript"/>
  <testcase name="TC_20" time="3.062" classname="com.bankguru.testcase.EditCustomerScript"/>
  <testcase name="TC_04" time="1.009" classname="com.bankguru.testcase.EditCustomerScript"/>
</testsuite> <!-- com.bankguru.testcase.EditCustomerScript -->
